<?xml version="1.0" encoding="UTF-8"?>
<!-- Generated by org.testng.reporters.JUnitXMLReporter -->
<testsuite ignored="0" hostname="DESKTOP-BJCUF6F" failures="0" tests="3" name="Surefire test" time="47.506" errors="0" timestamp="2026-08-21T08:16:37 IST">
  <testcase classname="com.example.SeleniumPlaygroundTest" name="testScenario1_SimpleFormDemo" time="3.084"/>
  <testcase classname="com.example.SeleniumPlaygroundTest" name="testScenario2_DragAndDropSliders" time="4.671"/>
  <testcase classname="com.example.SeleniumPlaygroundTest" name="testScenario3_InputFormSubmit" time="7.293"/>
</testsuite> <!-- Surefire test -->
