<?xml version="1.0" encoding="UTF-8"?>
<!-- Generated by org.testng.reporters.JUnitXMLReporter -->
<testsuite ignored="0" hostname="DESKTOP-BJCUF6F" failures="0" tests="3" name="Surefire test" time="81.383" errors="0" timestamp="2026-08-21T08:42:55 IST">
  <testcase classname="com.example.SeleniumPlaygroundTest" name="testScenario1_SimpleFormDemo" time="6.97"/>
  <testcase classname="com.example.SeleniumPlaygroundTest" name="testScenario2_DragAndDropSliders" time="11.335"/>
  <testcase classname="com.example.SeleniumPlaygroundTest" name="testScenario3_InputFormSubmit" time="15.439"/>
</testsuite> <!-- Surefire test -->
