<?xml version="1.0" encoding="UTF-8"?>
<testsuite xmlns:xsi="http://www.w3.org/2001/XMLSchema-instance" xsi:noNamespaceSchemaLocation="https://maven.apache.org/surefire/maven-surefire-plugin/xsd/surefire-test-report.xsd" version="3.0.2" name="com.example.SeleniumPlaygroundTest" time="47.893" tests="3" errors="0" skipped="0" failures="0">
  <properties>
[...]
</properties>
  <testcase name="testScenario1_SimpleFormDemo" classname="com.example.SeleniumPlaygroundTest" time="3.084">
    <system-err><![CDATA[SLF4J: Failed to load class "org.slf4j.impl.StaticLoggerBinder".
SLF4J: Defaulting to no-operation (NOP) logger implementation
SLF4J: See http://www.slf4j.org/codes.html#StaticLoggerBinder for further details.
Aug 21, 2026 8:15:50 AM org.openqa.selenium.remote.tracing.opentelemetry.OpenTelemetryTracer createTracer
INFO: Using OpenTelemetry for tracing
]]></system-err>
  </testcase>
  <testcase name="testScenario2_DragAndDropSliders" classname="com.example.SeleniumPlaygroundTest" time="4.678"/>
  <testcase name="testScenario3_InputFormSubmit" classname="com.example.SeleniumPlaygroundTest" time="7.288"/>
</testsuite>