<?xml version="1.0" encoding="UTF-8"?>
<!-- Generated by org.testng.reporters.JUnitReportReporter -->
<testsuite hostname="DESKTOP-BJCUF6F" failures="0" tests="3" name="com.example.SeleniumPlaygroundTest" time="47.483" errors="0" timestamp="2026-08-21T08:16:38 IST" skipped="0">
  <testcase classname="com.example.SeleniumPlaygroundTest" name="testScenario1_SimpleFormDemo" time="14.793"/>
  <testcase classname="com.example.SeleniumPlaygroundTest" name="testScenario3_InputFormSubmit" time="17.803"/>
  <testcase classname="com.example.SeleniumPlaygroundTest" name="testScenario2_DragAndDropSliders" time="14.887"/>
</testsuite> <!-- com.example.SeleniumPlaygroundTest -->
