<?xml version="1.0" encoding="UTF-8"?>
<!-- Generated by org.testng.reporters.JUnitReportReporter -->
<testsuite hostname="DESKTOP-BJCUF6F" failures="0" tests="3" name="com.example.SeleniumPlaygroundTest" time="81.360" errors="0" timestamp="2026-08-21T08:42:55 IST" skipped="0">
  <testcase classname="com.example.SeleniumPlaygroundTest" name="testScenario1_SimpleFormDemo" time="26.939"/>
  <testcase classname="com.example.SeleniumPlaygroundTest" name="testScenario3_InputFormSubmit" time="28.355"/>
  <testcase classname="com.example.SeleniumPlaygroundTest" name="testScenario2_DragAndDropSliders" time="26.066"/>
</testsuite> <!-- com.example.SeleniumPlaygroundTest -->
